<?xml version="1.0" encoding="utf-8"?><testsuites name="pytest tests"><testsuite name="pytest" errors="0" failures="0" skipped="0" tests="3" time="1.036" timestamp="2026-06-21T18:04:37.751594+00:00" hostname="agent-env-aebcf530-02ed-465c-bf69-afa538746f3e"><testcase classname="backend.tests.backend_test.TestRegressionIter1" name="test_get_users_me_works" time="0.465" /><testcase classname="backend.tests.backend_test.TestRegressionIter1" name="test_get_users_by_id_still_works" time="0.161" /><testcase classname="backend.tests.backend_test.TestRegressionIter1" name="test_admin_redeem_affordable_reward" time="0.309" /></testsuite></testsuites>