<?xml version="1.0" encoding="utf-8"?><testsuites name="pytest tests"><testsuite name="pytest" errors="0" failures="0" skipped="0" tests="24" time="6.432" timestamp="2026-06-21T17:59:35.995415+00:00" hostname="agent-env-aebcf530-02ed-465c-bf69-afa538746f3e"><testcase classname="backend.tests.backend_test.TestAuth" name="test_login_sets_cookies" time="0.372" /><testcase classname="backend.tests.backend_test.TestAuth" name="test_me_returns_user" time="0.359" /><testcase classname="backend.tests.backend_test.TestAuth" name="test_login_invalid" time="0.324" /><testcase classname="backend.tests.backend_test.TestAuth" name="test_logout_clears" time="0.450" /><testcase classname="backend.tests.backend_test.TestAuth" name="test_register_org_and_isolation" time="0.463" /><testcase classname="backend.tests.backend_test.TestAuth" name="test_register_employee_in_org" time="0.321" /><testcase classname="backend.tests.backend_test.TestRequestsLifecycle" name="test_list_seeded" time="0.203" /><testcase classname="backend.tests.backend_test.TestRequestsLifecycle" name="test_full_lifecycle_approve" time="0.872" /><testcase classname="backend.tests.backend_test.TestRequestsLifecycle" name="test_review_reject_reopens" time="0.239" /><testcase classname="backend.tests.backend_test.TestRequestsLifecycle" name="test_review_request_changes" time="0.290" /><testcase classname="backend.tests.backend_test.TestRewards" name="test_list_8_rewards" time="0.042" /><testcase classname="backend.tests.backend_test.TestRewards" name="test_redeem_insufficient" time="0.409" /><testcase classname="backend.tests.backend_test.TestRewards" name="test_redeem_success" time="0.507" /><testcase classname="backend.tests.backend_test.TestLeaderboard" name="test_global_all" time="0.042" /><testcase classname="backend.tests.backend_test.TestLeaderboard" name="test_monthly" time="0.050" /><testcase classname="backend.tests.backend_test.TestDashboard" name="test_stats" time="0.064" /><testcase classname="backend.tests.backend_test.TestRBAC" name="test_non_admin_cannot_change_role" time="0.097" /><testcase classname="backend.tests.backend_test.TestRBAC" name="test_admin_can_change_role_and_revert" time="0.132" /><testcase classname="backend.tests.backend_test.TestRBAC" name="test_non_admin_cannot_add_category" time="0.052" /><testcase classname="backend.tests.backend_test.TestRBAC" name="test_admin_can_add_category_and_update_org" time="0.128" /><testcase classname="backend.tests.backend_test.TestAuditAndNotif" name="test_audit_logs" time="0.050" /><testcase classname="backend.tests.backend_test.TestAuditAndNotif" name="test_audit_logs_blocked_for_employee" time="0.047" /><testcase classname="backend.tests.backend_test.TestAuditAndNotif" name="test_notifications_read_all" time="0.104" /><testcase classname="backend.tests.backend_test.TestFiles" name="test_upload_or_503" time="0.745" /></testsuite></testsuites>